[2019-11-25 23:07:07] laravel.EMERGENCY: Unable to create configured logger. Using emergency logger. {"exception":"[object] (InvalidArgumentException(code: 0): Log [] is not defined. at C:\\xampp\\htdocs\\web3\\vendor\\laravel\\framework\\src\\Illuminate\\Log\\LogManager.php:184)
[stacktrace]
#0 C:\\xampp\\htdocs\\web3\\vendor\\laravel\\framework\\src\\Illuminate\\Log\\LogManager.php(118): Illuminate\\Log\\LogManager->resolve(NULL)
#1 C:\\xampp\\htdocs\\web3\\vendor\\laravel\\framework\\src\\Illuminate\\Log\\LogManager.php(98): Illuminate\\Log\\LogManager->get(NULL)
#2 C:\\xampp\\htdocs\\web3\\vendor\\laravel\\framework\\src\\Illuminate\\Log\\LogManager.php(539): Illuminate\\Log\\LogManager->driver()
#3 C:\\xampp\\htdocs\\web3\\vendor\\laravel\\framework\\src\\Illuminate\\Foundation\\Exceptions\\Handler.php(118): Illuminate\\Log\\LogManager->error('Call to undefin...', Array)
#4 C:\\xampp\\htdocs\\web3\\app\\Exceptions\\Handler.php(37): Illuminate\\Foundation\\Exceptions\\Handler->report(Object(Symfony\\Component\\Debug\\Exception\\FatalThrowableError))
#5 C:\\xampp\\htdocs\\web3\\vendor\\laravel\\framework\\src\\Illuminate\\Foundation\\Console\\Kernel.php(376): App\\Exceptions\\Handler->report(Object(Symfony\\Component\\Debug\\Exception\\FatalThrowableError))
#6 C:\\xampp\\htdocs\\web3\\vendor\\laravel\\framework\\src\\Illuminate\\Foundation\\Console\\Kernel.php(141): Illuminate\\Foundation\\Console\\Kernel->reportException(Object(Symfony\\Component\\Debug\\Exception\\FatalThrowableError))
#7 C:\\xampp\\htdocs\\web3\\artisan(37): Illuminate\\Foundation\\Console\\Kernel->handle(Object(Symfony\\Component\\Console\\Input\\ArgvInput), Object(Symfony\\Component\\Console\\Output\\ConsoleOutput))
#8 {main}
"} 
[2019-11-25 23:07:07] laravel.ERROR: Call to undefined function str_slug() {"exception":"[object] (Symfony\\Component\\Debug\\Exception\\FatalThrowableError(code: 0): Call to undefined function str_slug() at C:\\xampp\\htdocs\\web3\\config\\cache.php:91)
[stacktrace]
#0 C:\\xampp\\htdocs\\web3\\vendor\\laravel\\framework\\src\\Illuminate\\Foundation\\Bootstrap\\LoadConfiguration.php(72): require()
#1 C:\\xampp\\htdocs\\web3\\vendor\\laravel\\framework\\src\\Illuminate\\Foundation\\Bootstrap\\LoadConfiguration.php(39): Illuminate\\Foundation\\Bootstrap\\LoadConfiguration->loadConfigurationFiles(Object(Illuminate\\Foundation\\Application), Object(Illuminate\\Config\\Repository))
#2 C:\\xampp\\htdocs\\web3\\vendor\\laravel\\framework\\src\\Illuminate\\Foundation\\Application.php(211): Illuminate\\Foundation\\Bootstrap\\LoadConfiguration->bootstrap(Object(Illuminate\\Foundation\\Application))
#3 C:\\xampp\\htdocs\\web3\\vendor\\laravel\\framework\\src\\Illuminate\\Foundation\\Console\\Kernel.php(320): Illuminate\\Foundation\\Application->bootstrapWith(Array)
#4 C:\\xampp\\htdocs\\web3\\vendor\\laravel\\framework\\src\\Illuminate\\Foundation\\Console\\Kernel.php(129): Illuminate\\Foundation\\Console\\Kernel->bootstrap()
#5 C:\\xampp\\htdocs\\web3\\artisan(37): Illuminate\\Foundation\\Console\\Kernel->handle(Object(Symfony\\Component\\Console\\Input\\ArgvInput), Object(Symfony\\Component\\Console\\Output\\ConsoleOutput))
#6 {main}
"} 
[2019-11-25 23:18:00] laravel.EMERGENCY: Unable to create configured logger. Using emergency logger. {"exception":"[object] (InvalidArgumentException(code: 0): Log [] is not defined. at C:\\xampp\\htdocs\\web3\\vendor\\laravel\\framework\\src\\Illuminate\\Log\\LogManager.php:184)
[stacktrace]
#0 C:\\xampp\\htdocs\\web3\\vendor\\laravel\\framework\\src\\Illuminate\\Log\\LogManager.php(118): Illuminate\\Log\\LogManager->resolve(NULL)
#1 C:\\xampp\\htdocs\\web3\\vendor\\laravel\\framework\\src\\Illuminate\\Log\\LogManager.php(98): Illuminate\\Log\\LogManager->get(NULL)
#2 C:\\xampp\\htdocs\\web3\\vendor\\laravel\\framework\\src\\Illuminate\\Log\\LogManager.php(539): Illuminate\\Log\\LogManager->driver()
#3 C:\\xampp\\htdocs\\web3\\vendor\\laravel\\framework\\src\\Illuminate\\Foundation\\Exceptions\\Handler.php(118): Illuminate\\Log\\LogManager->error('Call to undefin...', Array)
#4 C:\\xampp\\htdocs\\web3\\app\\Exceptions\\Handler.php(37): Illuminate\\Foundation\\Exceptions\\Handler->report(Object(Symfony\\Component\\Debug\\Exception\\FatalThrowableError))
#5 C:\\xampp\\htdocs\\web3\\vendor\\laravel\\framework\\src\\Illuminate\\Foundation\\Console\\Kernel.php(376): App\\Exceptions\\Handler->report(Object(Symfony\\Component\\Debug\\Exception\\FatalThrowableError))
#6 C:\\xampp\\htdocs\\web3\\vendor\\laravel\\framework\\src\\Illuminate\\Foundation\\Console\\Kernel.php(141): Illuminate\\Foundation\\Console\\Kernel->reportException(Object(Symfony\\Component\\Debug\\Exception\\FatalThrowableError))
#7 C:\\xampp\\htdocs\\web3\\artisan(37): Illuminate\\Foundation\\Console\\Kernel->handle(Object(Symfony\\Component\\Console\\Input\\ArgvInput), Object(Symfony\\Component\\Console\\Output\\ConsoleOutput))
#8 {main}
"} 
[2019-11-25 23:18:00] laravel.ERROR: Call to undefined function str_slug() {"exception":"[object] (Symfony\\Component\\Debug\\Exception\\FatalThrowableError(code: 0): Call to undefined function str_slug() at C:\\xampp\\htdocs\\web3\\config\\cache.php:91)
[stacktrace]
#0 C:\\xampp\\htdocs\\web3\\vendor\\laravel\\framework\\src\\Illuminate\\Foundation\\Bootstrap\\LoadConfiguration.php(72): require()
#1 C:\\xampp\\htdocs\\web3\\vendor\\laravel\\framework\\src\\Illuminate\\Foundation\\Bootstrap\\LoadConfiguration.php(39): Illuminate\\Foundation\\Bootstrap\\LoadConfiguration->loadConfigurationFiles(Object(Illuminate\\Foundation\\Application), Object(Illuminate\\Config\\Repository))
#2 C:\\xampp\\htdocs\\web3\\vendor\\laravel\\framework\\src\\Illuminate\\Foundation\\Application.php(211): Illuminate\\Foundation\\Bootstrap\\LoadConfiguration->bootstrap(Object(Illuminate\\Foundation\\Application))
#3 C:\\xampp\\htdocs\\web3\\vendor\\laravel\\framework\\src\\Illuminate\\Foundation\\Console\\Kernel.php(320): Illuminate\\Foundation\\Application->bootstrapWith(Array)
#4 C:\\xampp\\htdocs\\web3\\vendor\\laravel\\framework\\src\\Illuminate\\Foundation\\Console\\Kernel.php(129): Illuminate\\Foundation\\Console\\Kernel->bootstrap()
#5 C:\\xampp\\htdocs\\web3\\artisan(37): Illuminate\\Foundation\\Console\\Kernel->handle(Object(Symfony\\Component\\Console\\Input\\ArgvInput), Object(Symfony\\Component\\Console\\Output\\ConsoleOutput))
#6 {main}
"} 
[2019-11-25 23:27:24] laravel.EMERGENCY: Unable to create configured logger. Using emergency logger. {"exception":"[object] (InvalidArgumentException(code: 0): Log [] is not defined. at C:\\xampp\\htdocs\\web3\\vendor\\laravel\\framework\\src\\Illuminate\\Log\\LogManager.php:184)
[stacktrace]
#0 C:\\xampp\\htdocs\\web3\\vendor\\laravel\\framework\\src\\Illuminate\\Log\\LogManager.php(118): Illuminate\\Log\\LogManager->resolve(NULL)
#1 C:\\xampp\\htdocs\\web3\\vendor\\laravel\\framework\\src\\Illuminate\\Log\\LogManager.php(98): Illuminate\\Log\\LogManager->get(NULL)
#2 C:\\xampp\\htdocs\\web3\\vendor\\laravel\\framework\\src\\Illuminate\\Log\\LogManager.php(539): Illuminate\\Log\\LogManager->driver()
#3 C:\\xampp\\htdocs\\web3\\vendor\\laravel\\framework\\src\\Illuminate\\Foundation\\Exceptions\\Handler.php(118): Illuminate\\Log\\LogManager->error('Call to undefin...', Array)
#4 C:\\xampp\\htdocs\\web3\\app\\Exceptions\\Handler.php(37): Illuminate\\Foundation\\Exceptions\\Handler->report(Object(Symfony\\Component\\Debug\\Exception\\FatalThrowableError))
#5 C:\\xampp\\htdocs\\web3\\vendor\\laravel\\framework\\src\\Illuminate\\Foundation\\Console\\Kernel.php(376): App\\Exceptions\\Handler->report(Object(Symfony\\Component\\Debug\\Exception\\FatalThrowableError))
#6 C:\\xampp\\htdocs\\web3\\vendor\\laravel\\framework\\src\\Illuminate\\Foundation\\Console\\Kernel.php(141): Illuminate\\Foundation\\Console\\Kernel->reportException(Object(Symfony\\Component\\Debug\\Exception\\FatalThrowableError))
#7 C:\\xampp\\htdocs\\web3\\artisan(37): Illuminate\\Foundation\\Console\\Kernel->handle(Object(Symfony\\Component\\Console\\Input\\ArgvInput), Object(Symfony\\Component\\Console\\Output\\ConsoleOutput))
#8 {main}
"} 
[2019-11-25 23:27:24] laravel.ERROR: Call to undefined function str_slug() {"exception":"[object] (Symfony\\Component\\Debug\\Exception\\FatalThrowableError(code: 0): Call to undefined function str_slug() at C:\\xampp\\htdocs\\web3\\config\\cache.php:91)
[stacktrace]
#0 C:\\xampp\\htdocs\\web3\\vendor\\laravel\\framework\\src\\Illuminate\\Foundation\\Bootstrap\\LoadConfiguration.php(72): require()
#1 C:\\xampp\\htdocs\\web3\\vendor\\laravel\\framework\\src\\Illuminate\\Foundation\\Bootstrap\\LoadConfiguration.php(39): Illuminate\\Foundation\\Bootstrap\\LoadConfiguration->loadConfigurationFiles(Object(Illuminate\\Foundation\\Application), Object(Illuminate\\Config\\Repository))
#2 C:\\xampp\\htdocs\\web3\\vendor\\laravel\\framework\\src\\Illuminate\\Foundation\\Application.php(211): Illuminate\\Foundation\\Bootstrap\\LoadConfiguration->bootstrap(Object(Illuminate\\Foundation\\Application))
#3 C:\\xampp\\htdocs\\web3\\vendor\\laravel\\framework\\src\\Illuminate\\Foundation\\Console\\Kernel.php(320): Illuminate\\Foundation\\Application->bootstrapWith(Array)
#4 C:\\xampp\\htdocs\\web3\\vendor\\laravel\\framework\\src\\Illuminate\\Foundation\\Console\\Kernel.php(129): Illuminate\\Foundation\\Console\\Kernel->bootstrap()
#5 C:\\xampp\\htdocs\\web3\\artisan(37): Illuminate\\Foundation\\Console\\Kernel->handle(Object(Symfony\\Component\\Console\\Input\\ArgvInput), Object(Symfony\\Component\\Console\\Output\\ConsoleOutput))
#6 {main}
"} 
[2019-11-25 23:30:08] laravel.EMERGENCY: Unable to create configured logger. Using emergency logger. {"exception":"[object] (InvalidArgumentException(code: 0): Log [] is not defined. at C:\\xampp\\htdocs\\web3\\vendor\\laravel\\framework\\src\\Illuminate\\Log\\LogManager.php:184)
[stacktrace]
#0 C:\\xampp\\htdocs\\web3\\vendor\\laravel\\framework\\src\\Illuminate\\Log\\LogManager.php(118): Illuminate\\Log\\LogManager->resolve(NULL)
#1 C:\\xampp\\htdocs\\web3\\vendor\\laravel\\framework\\src\\Illuminate\\Log\\LogManager.php(98): Illuminate\\Log\\LogManager->get(NULL)
#2 C:\\xampp\\htdocs\\web3\\vendor\\laravel\\framework\\src\\Illuminate\\Log\\LogManager.php(539): Illuminate\\Log\\LogManager->driver()
#3 C:\\xampp\\htdocs\\web3\\vendor\\laravel\\framework\\src\\Illuminate\\Foundation\\Exceptions\\Handler.php(118): Illuminate\\Log\\LogManager->error('Call to undefin...', Array)
#4 C:\\xampp\\htdocs\\web3\\app\\Exceptions\\Handler.php(37): Illuminate\\Foundation\\Exceptions\\Handler->report(Object(Symfony\\Component\\Debug\\Exception\\FatalThrowableError))
#5 C:\\xampp\\htdocs\\web3\\vendor\\laravel\\framework\\src\\Illuminate\\Foundation\\Console\\Kernel.php(376): App\\Exceptions\\Handler->report(Object(Symfony\\Component\\Debug\\Exception\\FatalThrowableError))
#6 C:\\xampp\\htdocs\\web3\\vendor\\laravel\\framework\\src\\Illuminate\\Foundation\\Console\\Kernel.php(141): Illuminate\\Foundation\\Console\\Kernel->reportException(Object(Symfony\\Component\\Debug\\Exception\\FatalThrowableError))
#7 C:\\xampp\\htdocs\\web3\\artisan(37): Illuminate\\Foundation\\Console\\Kernel->handle(Object(Symfony\\Component\\Console\\Input\\ArgvInput), Object(Symfony\\Component\\Console\\Output\\ConsoleOutput))
#8 {main}
"} 
[2019-11-25 23:30:08] laravel.ERROR: Call to undefined function str_slug() {"exception":"[object] (Symfony\\Component\\Debug\\Exception\\FatalThrowableError(code: 0): Call to undefined function str_slug() at C:\\xampp\\htdocs\\web3\\config\\cache.php:91)
[stacktrace]
#0 C:\\xampp\\htdocs\\web3\\vendor\\laravel\\framework\\src\\Illuminate\\Foundation\\Bootstrap\\LoadConfiguration.php(72): require()
#1 C:\\xampp\\htdocs\\web3\\vendor\\laravel\\framework\\src\\Illuminate\\Foundation\\Bootstrap\\LoadConfiguration.php(39): Illuminate\\Foundation\\Bootstrap\\LoadConfiguration->loadConfigurationFiles(Object(Illuminate\\Foundation\\Application), Object(Illuminate\\Config\\Repository))
#2 C:\\xampp\\htdocs\\web3\\vendor\\laravel\\framework\\src\\Illuminate\\Foundation\\Application.php(211): Illuminate\\Foundation\\Bootstrap\\LoadConfiguration->bootstrap(Object(Illuminate\\Foundation\\Application))
#3 C:\\xampp\\htdocs\\web3\\vendor\\laravel\\framework\\src\\Illuminate\\Foundation\\Console\\Kernel.php(320): Illuminate\\Foundation\\Application->bootstrapWith(Array)
#4 C:\\xampp\\htdocs\\web3\\vendor\\laravel\\framework\\src\\Illuminate\\Foundation\\Console\\Kernel.php(129): Illuminate\\Foundation\\Console\\Kernel->bootstrap()
#5 C:\\xampp\\htdocs\\web3\\artisan(37): Illuminate\\Foundation\\Console\\Kernel->handle(Object(Symfony\\Component\\Console\\Input\\ArgvInput), Object(Symfony\\Component\\Console\\Output\\ConsoleOutput))
#6 {main}
"} 
[2019-11-26 00:12:10] laravel.EMERGENCY: Unable to create configured logger. Using emergency logger. {"exception":"[object] (InvalidArgumentException(code: 0): Log [] is not defined. at C:\\xampp\\htdocs\\web32\\vendor\\laravel\\framework\\src\\Illuminate\\Log\\LogManager.php:184)
[stacktrace]
#0 C:\\xampp\\htdocs\\web32\\vendor\\laravel\\framework\\src\\Illuminate\\Log\\LogManager.php(118): Illuminate\\Log\\LogManager->resolve(NULL)
#1 C:\\xampp\\htdocs\\web32\\vendor\\laravel\\framework\\src\\Illuminate\\Log\\LogManager.php(98): Illuminate\\Log\\LogManager->get(NULL)
#2 C:\\xampp\\htdocs\\web32\\vendor\\laravel\\framework\\src\\Illuminate\\Log\\LogManager.php(539): Illuminate\\Log\\LogManager->driver()
#3 C:\\xampp\\htdocs\\web32\\vendor\\laravel\\framework\\src\\Illuminate\\Foundation\\Exceptions\\Handler.php(118): Illuminate\\Log\\LogManager->error('Call to undefin...', Array)
#4 C:\\xampp\\htdocs\\web32\\app\\Exceptions\\Handler.php(37): Illuminate\\Foundation\\Exceptions\\Handler->report(Object(Symfony\\Component\\Debug\\Exception\\FatalThrowableError))
#5 C:\\xampp\\htdocs\\web32\\vendor\\laravel\\framework\\src\\Illuminate\\Foundation\\Http\\Kernel.php(314): App\\Exceptions\\Handler->report(Object(Symfony\\Component\\Debug\\Exception\\FatalThrowableError))
#6 C:\\xampp\\htdocs\\web32\\vendor\\laravel\\framework\\src\\Illuminate\\Foundation\\Http\\Kernel.php(122): Illuminate\\Foundation\\Http\\Kernel->reportException(Object(Symfony\\Component\\Debug\\Exception\\FatalThrowableError))
#7 C:\\xampp\\htdocs\\web32\\public\\index.php(55): Illuminate\\Foundation\\Http\\Kernel->handle(Object(Illuminate\\Http\\Request))
#8 C:\\xampp\\htdocs\\web32\\server.php(21): require_once('C:\\\\xampp\\\\htdocs...')
#9 {main}
"} 
[2019-11-26 00:12:10] laravel.ERROR: Call to undefined function str_slug() {"exception":"[object] (Symfony\\Component\\Debug\\Exception\\FatalThrowableError(code: 0): Call to undefined function str_slug() at C:\\xampp\\htdocs\\web32\\config\\cache.php:91)
[stacktrace]
#0 C:\\xampp\\htdocs\\web32\\vendor\\laravel\\framework\\src\\Illuminate\\Foundation\\Bootstrap\\LoadConfiguration.php(72): require()
#1 C:\\xampp\\htdocs\\web32\\vendor\\laravel\\framework\\src\\Illuminate\\Foundation\\Bootstrap\\LoadConfiguration.php(39): Illuminate\\Foundation\\Bootstrap\\LoadConfiguration->loadConfigurationFiles(Object(Illuminate\\Foundation\\Application), Object(Illuminate\\Config\\Repository))
#2 C:\\xampp\\htdocs\\web32\\vendor\\laravel\\framework\\src\\Illuminate\\Foundation\\Application.php(211): Illuminate\\Foundation\\Bootstrap\\LoadConfiguration->bootstrap(Object(Illuminate\\Foundation\\Application))
#3 C:\\xampp\\htdocs\\web32\\vendor\\laravel\\framework\\src\\Illuminate\\Foundation\\Http\\Kernel.php(162): Illuminate\\Foundation\\Application->bootstrapWith(Array)
#4 C:\\xampp\\htdocs\\web32\\vendor\\laravel\\framework\\src\\Illuminate\\Foundation\\Http\\Kernel.php(146): Illuminate\\Foundation\\Http\\Kernel->bootstrap()
#5 C:\\xampp\\htdocs\\web32\\vendor\\laravel\\framework\\src\\Illuminate\\Foundation\\Http\\Kernel.php(116): Illuminate\\Foundation\\Http\\Kernel->sendRequestThroughRouter(Object(Illuminate\\Http\\Request))
#6 C:\\xampp\\htdocs\\web32\\public\\index.php(55): Illuminate\\Foundation\\Http\\Kernel->handle(Object(Illuminate\\Http\\Request))
#7 C:\\xampp\\htdocs\\web32\\server.php(21): require_once('C:\\\\xampp\\\\htdocs...')
#8 {main}
"} 
[2019-11-26 00:12:27] laravel.EMERGENCY: Unable to create configured logger. Using emergency logger. {"exception":"[object] (InvalidArgumentException(code: 0): Log [] is not defined. at C:\\xampp\\htdocs\\web32\\vendor\\laravel\\framework\\src\\Illuminate\\Log\\LogManager.php:184)
[stacktrace]
#0 C:\\xampp\\htdocs\\web32\\vendor\\laravel\\framework\\src\\Illuminate\\Log\\LogManager.php(118): Illuminate\\Log\\LogManager->resolve(NULL)
#1 C:\\xampp\\htdocs\\web32\\vendor\\laravel\\framework\\src\\Illuminate\\Log\\LogManager.php(98): Illuminate\\Log\\LogManager->get(NULL)
#2 C:\\xampp\\htdocs\\web32\\vendor\\laravel\\framework\\src\\Illuminate\\Log\\LogManager.php(539): Illuminate\\Log\\LogManager->driver()
#3 C:\\xampp\\htdocs\\web32\\vendor\\laravel\\framework\\src\\Illuminate\\Foundation\\Exceptions\\Handler.php(118): Illuminate\\Log\\LogManager->error('Call to undefin...', Array)
#4 C:\\xampp\\htdocs\\web32\\app\\Exceptions\\Handler.php(37): Illuminate\\Foundation\\Exceptions\\Handler->report(Object(Symfony\\Component\\Debug\\Exception\\FatalThrowableError))
#5 C:\\xampp\\htdocs\\web32\\vendor\\laravel\\framework\\src\\Illuminate\\Foundation\\Console\\Kernel.php(376): App\\Exceptions\\Handler->report(Object(Symfony\\Component\\Debug\\Exception\\FatalThrowableError))
#6 C:\\xampp\\htdocs\\web32\\vendor\\laravel\\framework\\src\\Illuminate\\Foundation\\Console\\Kernel.php(141): Illuminate\\Foundation\\Console\\Kernel->reportException(Object(Symfony\\Component\\Debug\\Exception\\FatalThrowableError))
#7 C:\\xampp\\htdocs\\web32\\artisan(37): Illuminate\\Foundation\\Console\\Kernel->handle(Object(Symfony\\Component\\Console\\Input\\ArgvInput), Object(Symfony\\Component\\Console\\Output\\ConsoleOutput))
#8 {main}
"} 
[2019-11-26 00:12:27] laravel.ERROR: Call to undefined function str_slug() {"exception":"[object] (Symfony\\Component\\Debug\\Exception\\FatalThrowableError(code: 0): Call to undefined function str_slug() at C:\\xampp\\htdocs\\web32\\config\\cache.php:91)
[stacktrace]
#0 C:\\xampp\\htdocs\\web32\\vendor\\laravel\\framework\\src\\Illuminate\\Foundation\\Bootstrap\\LoadConfiguration.php(72): require()
#1 C:\\xampp\\htdocs\\web32\\vendor\\laravel\\framework\\src\\Illuminate\\Foundation\\Bootstrap\\LoadConfiguration.php(39): Illuminate\\Foundation\\Bootstrap\\LoadConfiguration->loadConfigurationFiles(Object(Illuminate\\Foundation\\Application), Object(Illuminate\\Config\\Repository))
#2 C:\\xampp\\htdocs\\web32\\vendor\\laravel\\framework\\src\\Illuminate\\Foundation\\Application.php(211): Illuminate\\Foundation\\Bootstrap\\LoadConfiguration->bootstrap(Object(Illuminate\\Foundation\\Application))
#3 C:\\xampp\\htdocs\\web32\\vendor\\laravel\\framework\\src\\Illuminate\\Foundation\\Console\\Kernel.php(320): Illuminate\\Foundation\\Application->bootstrapWith(Array)
#4 C:\\xampp\\htdocs\\web32\\vendor\\laravel\\framework\\src\\Illuminate\\Foundation\\Console\\Kernel.php(129): Illuminate\\Foundation\\Console\\Kernel->bootstrap()
#5 C:\\xampp\\htdocs\\web32\\artisan(37): Illuminate\\Foundation\\Console\\Kernel->handle(Object(Symfony\\Component\\Console\\Input\\ArgvInput), Object(Symfony\\Component\\Console\\Output\\ConsoleOutput))
#6 {main}
"} 
